# JRE version: OpenJDK Runtime Environment (8.0_152-b02) (build 1.8.0_152-release-1024-b02)
# Java VM: OpenJDK 64-Bit Server VM (25.152-b02 mixed mode windows-amd64 compressed oops)
Heap:
 PSYoungGen      total 348160K, used 201543K [0x00000000e0000000, 0x00000000f7d80000, 0x0000000100000000)
  eden space 317952K, 59% used [0x00000000e0000000,0x00000000eb97f560,0x00000000f3680000)
  from space 30208K, 38% used [0x00000000f6000000,0x00000000f6b528a0,0x00000000f7d80000)
  to   space 36352K, 0% used [0x00000000f3680000,0x00000000f3680000,0x00000000f5a00000)
 ParOldGen       total 273920K, used 81207K [0x00000000a0000000, 0x00000000b0b80000, 0x00000000e0000000)
  object space 273920K, 29% used [0x00000000a0000000,0x00000000a4f4df60,0x00000000b0b80000)
 Metaspace       used 125432K, capacity 132364K, committed 132608K, reserved 1165312K
  class space    used 16130K, capacity 17559K, committed 17664K, reserved 1048576K
GC Heap History (10 events):
Event: 3068.434 GC heap before
{Heap before GC invocations=22 (full 4):
 PSYoungGen      total 291328K, used 291271K [0x00000000e0000000, 0x00000000f5e80000, 0x0000000100000000)
  eden space 268800K, 100% used [0x00000000e0000000,0x00000000f0680000,0x00000000f0680000)
  from space 22528K, 99% used [0x00000000f0e80000,0x00000000f2471cc0,0x00000000f2480000)
  to   space 45056K, 0% used [0x00000000f3280000,0x00000000f3280000,0x00000000f5e80000)
 ParOldGen       total 273920K, used 81167K [0x00000000a0000000, 0x00000000b0b80000, 0x00000000e0000000)
  object space 273920K, 29% used [0x00000000a0000000,0x00000000a4f43f60,0x00000000b0b80000)
 Metaspace       used 123563K, capacity 129886K, committed 130176K, reserved 1163264K
  class space    used 15906K, capacity 17226K, committed 17280K, reserved 1048576K
Event: 3068.446 GC heap after
Heap after GC invocations=22 (full 4):
 PSYoungGen      total 294400K, used 16617K [0x00000000e0000000, 0x00000000f5300000, 0x0000000100000000)
  eden space 261120K, 0% used [0x00000000e0000000,0x00000000e0000000,0x00000000eff00000)
  from space 33280K, 49% used [0x00000000f3280000,0x00000000f42ba438,0x00000000f5300000)
  to   space 43008K, 0% used [0x00000000eff00000,0x00000000eff00000,0x00000000f2900000)
 ParOldGen       total 273920K, used 81175K [0x00000000a0000000, 0x00000000b0b80000, 0x00000000e0000000)
  object space 273920K, 29% used [0x00000000a0000000,0x00000000a4f45f60,0x00000000b0b80000)
 Metaspace       used 123563K, capacity 129886K, committed 130176K, reserved 1163264K
  class space    used 15906K, capacity 17226K, committed 17280K, reserved 1048576K
}
Event: 3087.766 GC heap before
{Heap before GC invocations=23 (full 4):
 PSYoungGen      total 294400K, used 277621K [0x00000000e0000000, 0x00000000f5300000, 0x0000000100000000)
  eden space 261120K, 99% used [0x00000000e0000000,0x00000000efee3100,0x00000000eff00000)
  from space 33280K, 49% used [0x00000000f3280000,0x00000000f42ba438,0x00000000f5300000)
  to   space 43008K, 0% used [0x00000000eff00000,0x00000000eff00000,0x00000000f2900000)
 ParOldGen       total 273920K, used 81175K [0x00000000a0000000, 0x00000000b0b80000, 0x00000000e0000000)
  object space 273920K, 29% used [0x00000000a0000000,0x00000000a4f45f60,0x00000000b0b80000)
 Metaspace       used 124865K, capacity 131538K, committed 131712K, reserved 1163264K
  class space    used 16093K, capacity 17484K, committed 17536K, reserved 1048576K
Event: 3087.790 GC heap after
Heap after GC invocations=23 (full 4):
 PSYoungGen      total 271872K, used 18062K [0x00000000e0000000, 0x00000000f4780000, 0x0000000100000000)
  eden space 253440K, 0% used [0x00000000e0000000,0x00000000e0000000,0x00000000ef780000)
  from space 18432K, 97% used [0x00000000eff00000,0x00000000f10a3b70,0x00000000f1100000)
  to   space 40960K, 0% used [0x00000000f1f80000,0x00000000f1f80000,0x00000000f4780000)
 ParOldGen       total 273920K, used 81183K [0x00000000a0000000, 0x00000000b0b80000, 0x00000000e0000000)
  object space 273920K, 29% used [0x00000000a0000000,0x00000000a4f47f60,0x00000000b0b80000)
 Metaspace       used 124865K, capacity 131538K, committed 131712K, reserved 1163264K
  class space    used 16093K, capacity 17484K, committed 17536K, reserved 1048576K
}
Event: 3089.015 GC heap before
{Heap before GC invocations=24 (full 4):
 PSYoungGen      total 271872K, used 271090K [0x00000000e0000000, 0x00000000f4780000, 0x0000000100000000)
  eden space 253440K, 99% used [0x00000000e0000000,0x00000000ef718cc8,0x00000000ef780000)
  from space 18432K, 97% used [0x00000000eff00000,0x00000000f10a3b70,0x00000000f1100000)
  to   space 40960K, 0% used [0x00000000f1f80000,0x00000000f1f80000,0x00000000f4780000)
 ParOldGen       total 273920K, used 81183K [0x00000000a0000000, 0x00000000b0b80000, 0x00000000e0000000)
  object space 273920K, 29% used [0x00000000a0000000,0x00000000a4f47f60,0x00000000b0b80000)
 Metaspace       used 125010K, capacity 131800K, committed 131968K, reserved 1163264K
  class space    used 16100K, capacity 17495K, committed 17536K, reserved 1048576K
Event: 3089.030 GC heap after
Heap after GC invocations=24 (full 4):
 PSYoungGen      total 275968K, used 18177K [0x00000000e0000000, 0x00000000f3c80000, 0x0000000100000000)
  eden space 246272K, 0% used [0x00000000e0000000,0x00000000e0000000,0x00000000ef080000)
  from space 29696K, 61% used [0x00000000f1f80000,0x00000000f31404e0,0x00000000f3c80000)
  to   space 38912K, 0% used [0x00000000ef080000,0x00000000ef080000,0x00000000f1680000)
 ParOldGen       total 273920K, used 81191K [0x00000000a0000000, 0x00000000b0b80000, 0x00000000e0000000)
  object space 273920K, 29% used [0x00000000a0000000,0x00000000a4f49f60,0x00000000b0b80000)
 Metaspace       used 125010K, capacity 131800K, committed 131968K, reserved 1163264K
  class space    used 16100K, capacity 17495K, committed 17536K, reserved 1048576K
}
Event: 3089.065 GC heap before
{Heap before GC invocations=25 (full 4):
 PSYoungGen      total 275968K, used 264362K [0x00000000e0000000, 0x00000000f3c80000, 0x0000000100000000)
  eden space 246272K, 99% used [0x00000000e0000000,0x00000000ef06a688,0x00000000ef080000)
  from space 29696K, 61% used [0x00000000f1f80000,0x00000000f31404e0,0x00000000f3c80000)
  to   space 38912K, 0% used [0x00000000ef080000,0x00000000ef080000,0x00000000f1680000)
 ParOldGen       total 273920K, used 81191K [0x00000000a0000000, 0x00000000b0b80000, 0x00000000e0000000)
  object space 273920K, 29% used [0x00000000a0000000,0x00000000a4f49f60,0x00000000b0b80000)
 Metaspace       used 125011K, capacity 131800K, committed 131968K, reserved 1163264K
  class space    used 16100K, capacity 17495K, committed 17536K, reserved 1048576K
Event: 3089.076 GC heap after
Heap after GC invocations=25 (full 4):
 PSYoungGen      total 285184K, used 15341K [0x00000000e0000000, 0x00000000f8480000, 0x0000000100000000)
  eden space 246272K, 0% used [0x00000000e0000000,0x00000000e0000000,0x00000000ef080000)
  from space 38912K, 39% used [0x00000000ef080000,0x00000000eff7b5d0,0x00000000f1680000)
  to   space 37376K, 0% used [0x00000000f6000000,0x00000000f6000000,0x00000000f8480000)
 ParOldGen       total 273920K, used 81199K [0x00000000a0000000, 0x00000000b0b80000, 0x00000000e0000000)
  object space 273920K, 29% used [0x00000000a0000000,0x00000000a4f4bf60,0x00000000b0b80000)
 Metaspace       used 125011K, capacity 131800K, committed 131968K, reserved 1163264K
  class space    used 16100K, capacity 17495K, committed 17536K, reserved 1048576K
}
Event: 3111.463 GC heap before
{Heap before GC invocations=26 (full 4):
 PSYoungGen      total 285184K, used 261613K [0x00000000e0000000, 0x00000000f8480000, 0x0000000100000000)
  eden space 246272K, 100% used [0x00000000e0000000,0x00000000ef080000,0x00000000ef080000)
  from space 38912K, 39% used [0x00000000ef080000,0x00000000eff7b5d0,0x00000000f1680000)
  to   space 37376K, 0% used [0x00000000f6000000,0x00000000f6000000,0x00000000f8480000)
 ParOldGen       total 273920K, used 81199K [0x00000000a0000000, 0x00000000b0b80000, 0x00000000e0000000)
  object space 273920K, 29% used [0x00000000a0000000,0x00000000a4f4bf60,0x00000000b0b80000)
 Metaspace       used 125140K, capacity 131976K, committed 132352K, reserved 1163264K
  class space    used 16120K, capacity 17543K, committed 17664K, reserved 1048576K
Event: 3111.485 GC heap after
Heap after GC invocations=26 (full 4):
 PSYoungGen      total 348160K, used 11594K [0x00000000e0000000, 0x00000000f7d80000, 0x0000000100000000)
  eden space 317952K, 0% used [0x00000000e0000000,0x00000000e0000000,0x00000000f3680000)
  from space 30208K, 38% used [0x00000000f6000000,0x00000000f6b528a0,0x00000000f7d80000)
  to   space 36352K, 0% used [0x00000000f3680000,0x00000000f3680000,0x00000000f5a00000)
 ParOldGen       total 273920K, used 81207K [0x00000000a0000000, 0x00000000b0b80000, 0x00000000e0000000)
  object space 273920K, 29% used [0x00000000a0000000,0x00000000a4f4df60,0x00000000b0b80000)
 Metaspace       used 125140K, capacity 131976K, committed 132352K, reserved 1163264K
  class space    used 16120K, capacity 17543K, committed 17664K, reserved 1048576K
}

